SF:lib/model/todo.dart
DA:9,1
DA:18,0
DA:19,0
DA:20,0
DA:21,0
DA:22,0
DA:23,0
DA:24,0
DA:25,0
DA:29,0
DA:30,0
DA:31,0
DA:32,0
DA:33,0
DA:34,0
DA:35,0
DA:36,0
LF:17
LH:1
end_of_record
SF:lib/services/todo_provider.dart
DA:9,4
DA:11,1
DA:12,2
DA:13,1
DA:14,1
DA:17,1
DA:18,5
DA:19,2
DA:20,1
DA:21,1
DA:24,1
DA:25,2
DA:26,1
DA:27,1
DA:30,1
DA:31,1
DA:32,1
DA:34,2
DA:35,3
DA:36,1
DA:37,1
DA:38,1
DA:39,1
DA:41,1
DA:44,2
DA:45,2
DA:46,1
DA:48,1
DA:49,1
DA:50,3
DA:51,1
DA:52,1
DA:53,1
DA:54,1
DA:56,1
DA:57,1
LF:36
LH:36
end_of_record
SF:lib/main.dart
DA:6,0
DA:7,0
DA:11,2
DA:13,1
DA:15,1
DA:16,2
DA:17,1
DA:20,1
DA:21,1
LF:9
LH:7
end_of_record
SF:lib/ui/main_screen.dart
DA:8,1
DA:10,1
DA:11,1
DA:18,1
DA:21,2
DA:22,1
DA:23,1
DA:26,0
DA:27,0
DA:30,0
DA:31,0
DA:32,0
DA:33,0
DA:34,0
DA:37,0
DA:38,0
DA:39,0
DA:40,0
DA:43,0
DA:44,0
DA:45,0
DA:46,0
DA:48,0
DA:49,0
DA:50,0
DA:51,0
DA:53,0
DA:54,0
DA:55,0
DA:56,0
DA:57,0
DA:58,0
DA:60,0
DA:61,0
DA:62,0
DA:63,0
DA:64,0
DA:69,0
DA:70,0
DA:71,0
DA:85,0
DA:86,0
DA:87,0
DA:98,0
DA:99,0
DA:108,0
DA:109,0
DA:118,1
DA:120,1
DA:121,1
DA:125,1
DA:126,1
DA:127,1
DA:128,1
DA:129,1
DA:130,1
DA:131,1
DA:132,1
DA:133,0
DA:134,0
DA:135,0
DA:137,0
DA:138,0
DA:139,0
DA:140,0
DA:141,0
DA:146,0
DA:148,0
DA:149,0
DA:150,0
DA:151,0
DA:152,0
DA:154,0
DA:155,0
DA:160,0
DA:161,0
DA:162,0
DA:163,0
DA:166,0
DA:167,0
DA:174,0
DA:176,0
DA:177,0
DA:180,0
DA:181,0
DA:182,0
DA:183,0
DA:186,0
DA:187,0
DA:197,1
DA:198,0
LF:91
LH:19
end_of_record
